<?xml version="1.0" encoding="UTF-8"?>
<!-- Generated by org.testng.reporters.JUnitReportReporter -->
<testsuite hostname="yanglin" failures="0" tests="1" name="TestDemo" time="7.009" errors="0" timestamp="16 Aug 2018 03:35:04 GMT">
  <testcase classname="TestDemo" name="postUri" time="7.009"/>
</testsuite> <!-- TestDemo -->
